2018-12-28 16:23:42,085 no cert id given for boat Kattresan in race Lidingö Runt
2018-12-28 16:23:42,087 no cert id given for boat Katla in race Lidingö Runt
2018-12-28 16:23:42,257 no cert id given for boat Ruffhäxan 3 in race Näset runt
2018-12-28 16:23:42,258 no cert id given for boat Nacce in race Näset runt
2018-12-28 16:23:42,442 Anmält SRS, 1.325 do not match cert 33 for Jena in ÅF Inshore Race
2018-12-28 16:23:42,443 no cert id given for boat Katla in race ÅF Inshore Race
2018-12-28 16:23:42,703 no cert id given for boat Valhalla in race Tjörn Runt
2018-12-28 16:23:42,704 no cert id given for boat  in race Tjörn Runt
2018-12-28 16:23:42,706 no cert id given for boat  in race Tjörn Runt
2018-12-28 16:23:42,708 no cert id given for boat None in race Tjörn Runt
2018-12-28 16:23:42,793 Anmält SRS, None do not match cert 36 for Vinthunden in Hyundai Cup
2018-12-28 16:23:42,879 no cert id given for boat Handicat in race Gran Prix
2018-12-28 16:23:43,102 Columns in sheet: Poäng: 
2018-12-28 16:23:43,111 Sheet names:
2018-12-28 16:23:43,111 1 Sheet number of columns: 1, rows: 1
2018-12-28 16:23:43,111 Column widths []
2018-12-28 16:23:43,111 2 Gullviverallyt number of columns: 13, rows: 11
2018-12-28 16:23:43,112 Column widths [10, 18, 7, 7, 10, 10, 12, 9, 5, 5, 5, 8, 7]
2018-12-28 16:23:43,112 3 Ornö Runt number of columns: 13, rows: 7
2018-12-28 16:23:43,113 Column widths [12, 16, 7, 7, 10, 10, 12, 9, 5, 5, 5, 8, 7]
2018-12-28 16:23:43,113 4 TBK Vårracet number of columns: 13, rows: 2
2018-12-28 16:23:43,113 Column widths [7, 14, 7, 7, 10, 10, 12, 9, 5, 4, 4, 8, 7]
2018-12-28 16:23:43,114 5 Lidingö Runt number of columns: 13, rows: 15
2018-12-28 16:23:43,114 Column widths [11, 33, 7, 7, 10, 10, 12, 9, 5, 5, 5, 8, 7]
2018-12-28 16:23:43,114 6 Kolfiberrodret number of columns: 13, rows: 19
2018-12-28 16:23:43,115 Column widths [15, 58, 7, 7, 10, 10, 12, 9, 5, 5, 5, 8, 7]
2018-12-28 16:23:43,116 7 Näset runt number of columns: 13, rows: 4
2018-12-28 16:23:43,116 Column widths [11, 15, 7, 7, 10, 10, 12, 9, 5, 4, 4, 8, 7]
2018-12-28 16:23:43,116 8 Pantenius Bohusracet number of columns: 13, rows: 3
2018-12-28 16:23:43,116 Column widths [13, 16, 7, 7, 10, 10, 12, 9, 5, 5, 5, 8, 7]
2018-12-28 16:23:43,117 9 ÅF Inshore Race number of columns: 13, rows: 5
2018-12-28 16:23:43,117 Column widths [9, 32, 7, 7, 10, 10, 12, 9, 5, 4, 4, 8, 7]
2018-12-28 16:23:43,117 10 ÅF Offshore Race number of columns: 13, rows: 11
2018-12-28 16:23:43,118 Column widths [12, 58, 7, 7, 10, 10, 12, 9, 5, 5, 5, 8, 7]
2018-12-28 16:23:43,118 11 Robline Solo Challenge number of columns: 13, rows: 5
2018-12-28 16:23:43,118 Column widths [14, 58, 7, 7, 10, 10, 12, 9, 5, 5, 5, 8, 7]
2018-12-28 16:23:43,119 12 Tjörn Runt number of columns: 13, rows: 10
2018-12-28 16:23:43,119 Column widths [13, 18, 7, 7, 10, 10, 12, 9, 5, 5, 5, 8, 7]
2018-12-28 16:23:43,120 13 Hyundai Cup number of columns: 13, rows: 2
2018-12-28 16:23:43,120 Column widths [10, 13, 7, 7, 10, 10, 12, 9, 5, 4, 5, 8, 7]
2018-12-28 16:23:43,120 14 Gran Prix number of columns: 13, rows: 16
2018-12-28 16:23:43,121 Column widths [14, 17, 7, 7, 10, 10, 12, 9, 5, 5, 5, 8, 7]
2018-12-28 16:23:43,121 15 Nordic Yachts Open 2018 number of columns: 13, rows: 6
2018-12-28 16:23:43,122 Column widths [11, 15, 7, 7, 10, 10, 12, 9, 5, 5, 5, 8, 7]
2018-12-28 16:23:43,122 16 Värmdö Multiraid 5 number of columns: 13, rows: 4
2018-12-28 16:23:43,122 Column widths [10, 15, 7, 7, 10, 10, 12, 9, 5, 5, 5, 8, 7]
2018-12-28 16:23:43,123 17 accumulerade poäng number of columns: 19, rows: 38
2018-12-28 16:23:43,124 Column widths [8, 58, 15, 7, 14, 9, 12, 12, 14, 10, 20, 15, 16, 22, 10, 11, 9, 23, 18]
2018-12-28 16:23:43,125 18 placeringar number of columns: 18, rows: 38
2018-12-28 16:23:43,126 Column widths [58, 15, 7, 14, 9, 12, 12, 14, 10, 20, 15, 16, 22, 10, 11, 9, 23, 18]
2018-12-28 16:23:43,127 19 poäng number of columns: 20, rows: 38
2018-12-28 16:23:43,129 Column widths [5, 58, 15, 7, 14, 9, 12, 12, 14, 10, 20, 15, 16, 22, 10, 11, 9, 23, 18, 6]
2018-12-28 16:23:43,130 20 Certificates number of columns: 15, rows: 58
2018-12-28 16:23:43,132 Column widths [6, 7, 45, 11, 20, 24, 5, 4, 10, 10, 19, 15, 11, 11, 19]
